2014-07-28 00:47:14.182 Weekly[89518:70b] Multi-tasking -> Device: YES, App: YES
2014-07-28 00:47:15.272 Weekly[89518:70b] 

Started backup to iCloud! Please be careful.
Your application might rejected by Apple if you store too much data.
For more information please read "iOS Data Storage Guidelines"
You could find it at the following address https://developer.apple.com/icloud/documentation/data-storage/ .

2014-07-28 00:47:22.677 Weekly[89518:70b] [CDVTimer][chromenavigation] 15.819013ms
2014-07-28 00:47:22.693 Weekly[89518:70b] [CDVTimer][chromebootstrap] 15.392005ms
2014-07-28 00:47:22.694 Weekly[89518:70b] [CDVTimer][chromeextensionurls] 0.070989ms
2014-07-28 00:47:22.754 Weekly[89518:70b] [CDVTimer][file] 59.491038ms
2014-07-28 00:47:23.491 Weekly[89518:70b] [CDVTimer][statusbar] 736.283958ms
2014-07-28 00:47:23.492 Weekly[89518:70b] [CDVTimer][keyboard] 0.180006ms
2014-07-28 00:47:23.492 Weekly[89518:70b] [CDVTimer][TotalPluginStartup] 830.871999ms
2014-07-28 00:47:23.805 Weekly[89518:70b] Resetting plugins due to page load.
2014-07-28 00:47:25.820 Weekly[89518:70b] THREAD WARNING: ['ChromeStorage'] took '16.337158' ms. Plugin should use a background thread.
2014-07-28 00:47:27.736 Weekly[89518:70b] Got token 1
2014-07-28 00:47:28.053 Weekly[89518:70b] Got token 1
2014-07-28 00:47:28.247 Weekly[89518:70b] Got token 1
2014-07-28 00:47:28.347 Weekly[89518:70b] Got token 1
2014-07-28 00:47:28.487 Weekly[89518:70b] Got token 1
2014-07-28 00:47:28.618 Weekly[89518:70b] Got token 1
2014-07-28 00:47:29.154 Weekly[89518:70b] THREAD WARNING: ['ChromeIdentity'] took '63.593994' ms. Plugin should use a background thread.
